<?xml version="1.0" encoding="UTF-8"?>
<!-- Generated by org.testng.reporters.JUnitReportReporter -->
<testsuite hostname="L-MAA-00438332" name="com.abc.test.TestClass" tests="1" failures="0" timestamp="12 Feb 2014 09:48:38 GMT" time="9.012" errors="0">
  <testcase name="sampletest" time="9.012" classname="com.abc.test.TestClass"/>
</testsuite> <!-- com.abc.test.TestClass -->
